<?xml version="1.0" encoding="UTF-8"?>
<!-- Generated by org.testng.reporters.JUnitXMLReporter -->
<testsuite ignored="0" hostname="ABT-AA-203" failures="0" tests="4" name="OpenCart Tests" time="44.853" errors="0" timestamp="2021-10-24T20:56:21 EDT">
  <testcase classname="testCases.TC_003_LoginDDT" name="test_LoginDDT" time="4.308"/>
  <testcase classname="testCases.TC_003_LoginDDT" name="test_LoginDDT" time="11.911"/>
  <testcase classname="testCases.TC_003_LoginDDT" name="test_LoginDDT" time="11.856"/>
  <testcase classname="testCases.TC_003_LoginDDT" name="test_LoginDDT" time="11.877"/>
</testsuite> <!-- OpenCart Tests -->
