<?xml version="1.0" encoding="UTF-8"?>
<testng-results skipped="0" failed="0" ignored="0" total="2" passed="2">
  <reporter-output>
  </reporter-output>
  <suite name="opencartSuite" duration-ms="17407" started-at="2021-10-25T21:00:19 EDT" finished-at="2021-10-25T21:00:37 EDT">
    <groups>
      <group name="regression">
        <method signature="TC_001_AccountRegistration.test_accout_Registration()[pri:0, instance:testCases.TC_001_AccountRegistration@670b40af]" name="test_accout_Registration" class="testCases.TC_001_AccountRegistration"/>
      </group> <!-- regression -->
      <group name="sanity">
        <method signature="TC_002_Login.test_Login()[pri:0, instance:testCases.TC_002_Login@4923ab24]" name="test_Login" class="testCases.TC_002_Login"/>
      </group> <!-- sanity -->
      <group name="master">
        <method signature="TC_001_AccountRegistration.test_accout_Registration()[pri:0, instance:testCases.TC_001_AccountRegistration@670b40af]" name="test_accout_Registration" class="testCases.TC_001_AccountRegistration"/>
        <method signature="TC_002_Login.test_Login()[pri:0, instance:testCases.TC_002_Login@4923ab24]" name="test_Login" class="testCases.TC_002_Login"/>
      </group> <!-- master -->
    </groups>
    <test name="opencartTests" duration-ms="17407" started-at="2021-10-25T21:00:19 EDT" finished-at="2021-10-25T21:00:37 EDT">
      <class name="testCases.TC_002_Login">
        <test-method status="PASS" signature="setup(java.lang.String)[pri:0, instance:testCases.TC_002_Login@4923ab24]" name="setup" is-config="true" duration-ms="2190" started-at="2021-10-25T21:00:31 EDT" finished-at="2021-10-25T21:00:33 EDT">
          <params>
            <param index="0">
              <value>
                <![CDATA[chrome]]>
              </value>
            </param>
          </params>
          <reporter-output>
          </reporter-output>
        </test-method> <!-- setup -->
        <test-method status="PASS" signature="test_Login()[pri:0, instance:testCases.TC_002_Login@4923ab24]" name="test_Login" duration-ms="2867" started-at="2021-10-25T21:00:33 EDT" finished-at="2021-10-25T21:00:36 EDT">
          <reporter-output>
          </reporter-output>
        </test-method> <!-- test_Login -->
        <test-method status="PASS" signature="tearDown()[pri:0, instance:testCases.TC_002_Login@4923ab24]" name="tearDown" is-config="true" duration-ms="603" started-at="2021-10-25T21:00:36 EDT" finished-at="2021-10-25T21:00:37 EDT">
          <reporter-output>
          </reporter-output>
        </test-method> <!-- tearDown -->
      </class> <!-- testCases.TC_002_Login -->
      <class name="testCases.TC_001_AccountRegistration">
        <test-method status="PASS" signature="setup(java.lang.String)[pri:0, instance:testCases.TC_001_AccountRegistration@670b40af]" name="setup" is-config="true" duration-ms="6299" started-at="2021-10-25T21:00:19 EDT" finished-at="2021-10-25T21:00:26 EDT">
          <params>
            <param index="0">
              <value>
                <![CDATA[chrome]]>
              </value>
            </param>
          </params>
          <reporter-output>
          </reporter-output>
        </test-method> <!-- setup -->
        <test-method status="PASS" signature="test_accout_Registration()[pri:0, instance:testCases.TC_001_AccountRegistration@670b40af]" name="test_accout_Registration" duration-ms="4541" started-at="2021-10-25T21:00:26 EDT" finished-at="2021-10-25T21:00:30 EDT">
          <reporter-output>
          </reporter-output>
        </test-method> <!-- test_accout_Registration -->
        <test-method status="PASS" signature="tearDown()[pri:0, instance:testCases.TC_001_AccountRegistration@670b40af]" name="tearDown" is-config="true" duration-ms="601" started-at="2021-10-25T21:00:30 EDT" finished-at="2021-10-25T21:00:31 EDT">
          <reporter-output>
          </reporter-output>
        </test-method> <!-- tearDown -->
      </class> <!-- testCases.TC_001_AccountRegistration -->
    </test> <!-- opencartTests -->
  </suite> <!-- opencartSuite -->
</testng-results>
